2023-05-14 19:05:519 INFO  HomePage :101 - Mouse hover to electronics tab : [[ChromeDriver: chrome on WINDOWS (5d9104a02ecf68c41ed5b84ce1de893f)] -> xpath: //ul[@class='top-menu notmobile']//a[normalize-space()='Electronics']]
2023-05-14 19:05:580 INFO  HomePage :110 - Mouse hover to Cell phones tab and click  : [[ChromeDriver: chrome on WINDOWS (5d9104a02ecf68c41ed5b84ce1de893f)] -> xpath: //ul[@class='top-menu notmobile']//a[normalize-space()='Cell phones']]
2023-05-14 19:05:624 INFO  CellPhonePage :54 - Get Cell phone text : [[ChromeDriver: chrome on WINDOWS (5d9104a02ecf68c41ed5b84ce1de893f)] -> xpath: //h1[normalize-space()='Cell phones']]
2023-05-14 19:05:696 INFO  HomePage :101 - Mouse hover to electronics tab : [[ChromeDriver: chrome on WINDOWS (c6c5eb2650c3733271ed221f0b309038)] -> xpath: //ul[@class='top-menu notmobile']//a[normalize-space()='Electronics']]
2023-05-14 19:05:726 INFO  HomePage :110 - Mouse hover to Cell phones tab and click  : [[ChromeDriver: chrome on WINDOWS (c6c5eb2650c3733271ed221f0b309038)] -> xpath: //ul[@class='top-menu notmobile']//a[normalize-space()='Cell phones']]
2023-05-14 19:05:747 INFO  CellPhonePage :54 - Get Cell phone text : [[ChromeDriver: chrome on WINDOWS (c6c5eb2650c3733271ed221f0b309038)] -> xpath: //h1[normalize-space()='Cell phones']]
2023-05-14 19:05:767 INFO  CellPhonePage :62 - Click on list view : [[ChromeDriver: chrome on WINDOWS (c6c5eb2650c3733271ed221f0b309038)] -> xpath: //a[normalize-space()='List']]
2023-05-14 19:05:808 INFO  CellPhonePage :74 - Click on product name “Nokia Lumia 1020” link : 
2023-05-14 19:05:745 INFO  CellPhonePage :86 - Get product name “Nokia Lumia 1020” link : [[ChromeDriver: chrome on WINDOWS (c6c5eb2650c3733271ed221f0b309038)] -> xpath: //h1[normalize-space()='Nokia Lumia 1020']]
2023-05-14 19:05:769 INFO  CellPhonePage :98 - Get price text : [[ChromeDriver: chrome on WINDOWS (c6c5eb2650c3733271ed221f0b309038)] -> xpath: //div[@class='product-price']//span[normalize-space()='$349.00']]
2023-05-14 19:05:792 INFO  CellPhonePage :110 - Update quantity : [[ChromeDriver: chrome on WINDOWS (c6c5eb2650c3733271ed221f0b309038)] -> xpath: //input[@id='product_enteredQuantity_20']]
2023-05-14 19:05:887 INFO  CellPhonePage :121 - Click in add to cart : [[ChromeDriver: chrome on WINDOWS (c6c5eb2650c3733271ed221f0b309038)] -> xpath: //button[@id='add-to-cart-button-20']]
2023-05-14 19:05:948 INFO  CellPhonePage :133 - Get successfully add to cart message : [[ChromeDriver: chrome on WINDOWS (c6c5eb2650c3733271ed221f0b309038)] -> xpath: //div[@id='bar-notification']]
2023-05-14 19:05:974 INFO  CellPhonePage :144 - Close notification : [[ChromeDriver: chrome on WINDOWS (c6c5eb2650c3733271ed221f0b309038)] -> xpath: //span[@title='Close']]
2023-05-14 19:05:27 INFO  ShoppingCartPage :122 - Mouse hover to shopping cart : [[ChromeDriver: chrome on WINDOWS (c6c5eb2650c3733271ed221f0b309038)] -> xpath: //span[@class='cart-label']]
2023-05-14 19:05:166 INFO  ShoppingCartPage :133 - Mouse hover to go to cart and click  : [[ChromeDriver: chrome on WINDOWS (c6c5eb2650c3733271ed221f0b309038)] -> xpath: //button[normalize-space()='Go to cart']]
2023-05-14 19:05:715 INFO  ShoppingCartPage :54 - Getting text from : [[ChromeDriver: chrome on WINDOWS (c6c5eb2650c3733271ed221f0b309038)] -> xpath: //h1[normalize-space()='Shopping cart']]
2023-05-14 19:05:742 INFO  ShoppingCartPage :145 - Get number of quantity : [[ChromeDriver: chrome on WINDOWS (c6c5eb2650c3733271ed221f0b309038)] -> xpath: //input[contains(@id,'itemquantity')]]
2023-05-14 19:05:784 INFO  ShoppingCartPage :66 - Getting text from : [[ChromeDriver: chrome on WINDOWS (c6c5eb2650c3733271ed221f0b309038)] -> xpath: //span[@class='value-summary']//strong]
2023-05-14 19:05:811 INFO  ShoppingCartPage :100 - Select terms and conditions : [[ChromeDriver: chrome on WINDOWS (c6c5eb2650c3733271ed221f0b309038)] -> xpath: //input[@id='termsofservice']]
2023-05-14 19:05:869 INFO  ShoppingCartPage :111 - click on check out : [[ChromeDriver: chrome on WINDOWS (c6c5eb2650c3733271ed221f0b309038)] -> xpath: //button[@id='checkout']]
2023-05-14 19:05:379 INFO  LoginPage :31 - Het welcome text : [[ChromeDriver: chrome on WINDOWS (c6c5eb2650c3733271ed221f0b309038)] -> xpath: //h1[contains(text(),'Welcome, Please Sign In!')]]
2023-05-14 19:05:401 INFO  HomePage :117 - Click on register tab  : [[ChromeDriver: chrome on WINDOWS (c6c5eb2650c3733271ed221f0b309038)] -> xpath: //button[@class='button-1 register-button']]
2023-05-14 19:05:709 INFO  RegisterPage :47 - Enter first name  : [[ChromeDriver: chrome on WINDOWS (c6c5eb2650c3733271ed221f0b309038)] -> xpath: //input[@id='FirstName']]
2023-05-14 19:05:877 INFO  RegisterPage :59 - Enter last name  : [[ChromeDriver: chrome on WINDOWS (c6c5eb2650c3733271ed221f0b309038)] -> xpath: //input[@id='LastName']]
2023-05-14 19:05:901 INFO  RegisterPage :69 - Enter email  : [[ChromeDriver: chrome on WINDOWS (c6c5eb2650c3733271ed221f0b309038)] -> xpath: //input[@id='Email']]
2023-05-14 19:05:32 INFO  RegisterPage :80 - Enter password  : [[ChromeDriver: chrome on WINDOWS (c6c5eb2650c3733271ed221f0b309038)] -> xpath: //input[@id='Password']]
2023-05-14 19:05:121 INFO  RegisterPage :91 - Enter confirm password  : [[ChromeDriver: chrome on WINDOWS (c6c5eb2650c3733271ed221f0b309038)] -> xpath: //input[@id='ConfirmPassword']]
2023-05-14 19:05:212 INFO  RegisterPage :101 - Click on register button  : [[ChromeDriver: chrome on WINDOWS (c6c5eb2650c3733271ed221f0b309038)] -> xpath: //button[@id='register-button']]
2023-05-14 19:05:773 INFO  RegisterPage :112 - Get registration complete message : [[ChromeDriver: chrome on WINDOWS (c6c5eb2650c3733271ed221f0b309038)] -> xpath: //div[@class='result']]
2023-05-14 19:05:613 INFO  HomePage :48 - Click on computer tab : [[ChromeDriver: chrome on WINDOWS (b5936b60523bfb4e0efad94036593160)] -> xpath: //ul[@class='top-menu notmobile']//a[normalize-space()='Computers']]
2023-05-14 19:05:641 INFO  ComputersPage :34 - CLick on desktop : [[ChromeDriver: chrome on WINDOWS (b5936b60523bfb4e0efad94036593160)] -> xpath: //li[@class='active last']//a[normalize-space()='Desktops']]
2023-05-14 19:05:587 INFO  HomePage :48 - Click on computer tab : [[ChromeDriver: chrome on WINDOWS (7b978cf495301590efbf9fb56c4d789c)] -> xpath: //ul[@class='top-menu notmobile']//a[normalize-space()='Computers']]
2023-05-14 19:05:518 INFO  ComputersPage :34 - CLick on desktop : [[ChromeDriver: chrome on WINDOWS (7b978cf495301590efbf9fb56c4d789c)] -> xpath: //li[@class='active last']//a[normalize-space()='Desktops']]
2023-05-14 19:05:853 INFO  ComputersPage :44 - Select shorting options : [[ChromeDriver: chrome on WINDOWS (7b978cf495301590efbf9fb56c4d789c)] -> xpath: //select[@id='products-orderby']]
2023-05-14 19:05:918 INFO  ComputersPage :54 - Click on add to cart button : 
2023-05-14 19:05:08 INFO  HomePage :59 - Get build your own computer text : [[ChromeDriver: chrome on WINDOWS (7b978cf495301590efbf9fb56c4d789c)] -> xpath: //h1[normalize-space()='Build your own computer']]
2023-05-14 19:05:108 INFO  HomePage :72 - Select Processor : [[ChromeDriver: chrome on WINDOWS (7b978cf495301590efbf9fb56c4d789c)] -> xpath: //select[@id='product_attribute_1']]
2023-05-14 19:05:206 INFO  HomePage :84 - Select Ram : [[ChromeDriver: chrome on WINDOWS (7b978cf495301590efbf9fb56c4d789c)] -> xpath: //select[@id='product_attribute_2']]
2023-05-14 19:05:263 INFO  HomePage :96 - Select Hdd : 
2023-05-14 19:05:305 INFO  HomePage :108 - Select Os : 
2023-05-14 19:05:449 INFO  HomePage :118 - Select microsoft office software option : [[ChromeDriver: chrome on WINDOWS (7b978cf495301590efbf9fb56c4d789c)] -> xpath: //input[@id='product_attribute_5_10']]
2023-05-14 19:05:647 INFO  HomePage :129 - Selcet Total commander option: [[ChromeDriver: chrome on WINDOWS (7b978cf495301590efbf9fb56c4d789c)] -> xpath: //input[@id='product_attribute_5_12']]
2023-05-14 19:05:666 INFO  HomePage :140 - Get total price : [[ChromeDriver: chrome on WINDOWS (7b978cf495301590efbf9fb56c4d789c)] -> xpath: //div[@class='product-price']//span]
2023-05-14 19:05:718 INFO  HomePage :152 - Click on Add to cart : [[ChromeDriver: chrome on WINDOWS (7b978cf495301590efbf9fb56c4d789c)] -> xpath: //button[@id='add-to-cart-button-1']]
2023-05-14 19:05:734 INFO  HomePage :163 - Get success message : [[ChromeDriver: chrome on WINDOWS (7b978cf495301590efbf9fb56c4d789c)] -> xpath: //div[@id='bar-notification']]
2023-05-14 19:05:753 INFO  CellPhonePage :144 - Close notification : [[ChromeDriver: chrome on WINDOWS (7b978cf495301590efbf9fb56c4d789c)] -> xpath: //span[@title='Close']]
2023-05-14 19:05:395 INFO  HomePage :187 - Mouse hover to element : [[ChromeDriver: chrome on WINDOWS (7b978cf495301590efbf9fb56c4d789c)] -> xpath: //span[@class='cart-label']]
2023-05-14 19:05:395 INFO  HomePage :188 - Mouse hover to element and click : [[ChromeDriver: chrome on WINDOWS (7b978cf495301590efbf9fb56c4d789c)] -> xpath: //button[normalize-space()='Go to cart']]
2023-05-14 19:05:424 INFO  ShoppingCartPage :54 - Getting text from : [[ChromeDriver: chrome on WINDOWS (7b978cf495301590efbf9fb56c4d789c)] -> xpath: //h1[normalize-space()='Shopping cart']]
2023-05-14 19:05:461 INFO  ShoppingCartPage :78 - Change quantity : [[ChromeDriver: chrome on WINDOWS (7b978cf495301590efbf9fb56c4d789c)] -> xpath: //input[contains(@id,'itemquantity')]]
2023-05-14 19:05:543 INFO  ShoppingCartPage :89 - Click on update shopping cart : [[ChromeDriver: chrome on WINDOWS (7b978cf495301590efbf9fb56c4d789c)] -> xpath: //button[@id='updatecart']]
2023-05-14 19:05:937 INFO  ShoppingCartPage :66 - Getting text from : [[ChromeDriver: chrome on WINDOWS (7b978cf495301590efbf9fb56c4d789c)] -> xpath: //span[@class='value-summary']//strong]
2023-05-14 19:05:958 INFO  ShoppingCartPage :100 - Select terms and conditions : [[ChromeDriver: chrome on WINDOWS (7b978cf495301590efbf9fb56c4d789c)] -> xpath: //input[@id='termsofservice']]
2023-05-14 19:05:06 INFO  ShoppingCartPage :111 - click on check out : [[ChromeDriver: chrome on WINDOWS (7b978cf495301590efbf9fb56c4d789c)] -> xpath: //button[@id='checkout']]
2023-05-14 19:05:550 INFO  LoginPage :31 - Het welcome text : [[ChromeDriver: chrome on WINDOWS (7b978cf495301590efbf9fb56c4d789c)] -> xpath: //h1[contains(text(),'Welcome, Please Sign In!')]]
2023-05-14 19:05:570 INFO  LoginPage :39 - Click on guest checkout : [[ChromeDriver: chrome on WINDOWS (7b978cf495301590efbf9fb56c4d789c)] -> xpath: //button[normalize-space()='Checkout as Guest']]
2023-05-14 19:05:344 INFO  CheckOutPage :100 - Enter first name : [[ChromeDriver: chrome on WINDOWS (7b978cf495301590efbf9fb56c4d789c)] -> xpath: //input[@id='BillingNewAddress_FirstName']]
2023-05-14 19:05:470 INFO  CheckOutPage :112 - Enter last name : [[ChromeDriver: chrome on WINDOWS (7b978cf495301590efbf9fb56c4d789c)] -> xpath: //input[@id='BillingNewAddress_LastName']]
2023-05-14 19:05:604 INFO  CheckOutPage :124 - Enter email : [[ChromeDriver: chrome on WINDOWS (7b978cf495301590efbf9fb56c4d789c)] -> xpath: //input[@id='BillingNewAddress_Email']]
2023-05-14 19:05:687 INFO  CheckOutPage :136 - Enter country : [[ChromeDriver: chrome on WINDOWS (7b978cf495301590efbf9fb56c4d789c)] -> xpath: //select[@id='BillingNewAddress_CountryId']]
2023-05-14 19:05:792 INFO  CheckOutPage :148 - Enter city : [[ChromeDriver: chrome on WINDOWS (7b978cf495301590efbf9fb56c4d789c)] -> xpath: //input[@id='BillingNewAddress_City']]
2023-05-14 19:05:912 INFO  CheckOutPage :160 - Enter address1 : [[ChromeDriver: chrome on WINDOWS (7b978cf495301590efbf9fb56c4d789c)] -> xpath: //input[@id='BillingNewAddress_Address1']]
2023-05-14 19:05:03 INFO  CheckOutPage :172 - Enter zipCode : [[ChromeDriver: chrome on WINDOWS (7b978cf495301590efbf9fb56c4d789c)] -> xpath: //input[@id='BillingNewAddress_ZipPostalCode']]
2023-05-14 19:05:118 INFO  CheckOutPage :184 - Enter phoneNumber : [[ChromeDriver: chrome on WINDOWS (7b978cf495301590efbf9fb56c4d789c)] -> xpath: //input[@id='BillingNewAddress_PhoneNumber']]
2023-05-14 19:05:161 INFO  CheckOutPage :195 - Click on continueButton : [[ChromeDriver: chrome on WINDOWS (7b978cf495301590efbf9fb56c4d789c)] -> xpath: //button[@onclick='Billing.save()']]
2023-05-14 19:05:218 INFO  CheckOutPage :206 - Click on nextDayAir : [[ChromeDriver: chrome on WINDOWS (7b978cf495301590efbf9fb56c4d789c)] -> xpath: //input[@id='shippingoption_1']]
2023-05-14 19:05:256 INFO  CheckOutPage :217 - Click on shippingContinueButton : [[ChromeDriver: chrome on WINDOWS (7b978cf495301590efbf9fb56c4d789c)] -> xpath: //button[@class='button-1 shipping-method-next-step-button']]
2023-05-14 19:05:313 INFO  CheckOutPage :228 - Click on creditCard : [[ChromeDriver: chrome on WINDOWS (7b978cf495301590efbf9fb56c4d789c)] -> xpath: //input[@id='paymentmethod_1']]
2023-05-14 19:05:356 INFO  CheckOutPage :240 - Click on paymentContinueButton : [[ChromeDriver: chrome on WINDOWS (7b978cf495301590efbf9fb56c4d789c)] -> xpath: //button[@class='button-1 payment-method-next-step-button']]
2023-05-14 19:05:423 INFO  CheckOutPage :252 - Click on selectByVisibleTextFromDropDown : [[ChromeDriver: chrome on WINDOWS (7b978cf495301590efbf9fb56c4d789c)] -> xpath: //select[@id='CreditCardType']]
2023-05-14 19:05:525 INFO  CheckOutPage :265 - Enter cardHolderName : [[ChromeDriver: chrome on WINDOWS (7b978cf495301590efbf9fb56c4d789c)] -> xpath: //input[@id='CardholderName']]
2023-05-14 19:05:629 INFO  CheckOutPage :278 - Enter cardNumber : [[ChromeDriver: chrome on WINDOWS (7b978cf495301590efbf9fb56c4d789c)] -> xpath: //input[@id='CardNumber']]
2023-05-14 19:05:708 INFO  CheckOutPage :292 - Select Month : [[ChromeDriver: chrome on WINDOWS (7b978cf495301590efbf9fb56c4d789c)] -> xpath: //select[@id='ExpireMonth']]
2023-05-14 19:05:769 INFO  CheckOutPage :294 - Select Year : [[ChromeDriver: chrome on WINDOWS (7b978cf495301590efbf9fb56c4d789c)] -> xpath: //select[@id='ExpireYear']]
2023-05-14 19:05:845 INFO  CheckOutPage :306 - Enter card code : [[ChromeDriver: chrome on WINDOWS (7b978cf495301590efbf9fb56c4d789c)] -> xpath: //input[@id='CardCode']]
2023-05-14 19:05:866 INFO  CheckOutPage :363 - Click on continue button : [[ChromeDriver: chrome on WINDOWS (7b978cf495301590efbf9fb56c4d789c)] -> xpath: //button[@class='button-1 payment-info-next-step-button']]
2023-05-14 19:05:912 INFO  CheckOutPage :317 - Get payment type text : [[ChromeDriver: chrome on WINDOWS (7b978cf495301590efbf9fb56c4d789c)] -> xpath: //span[normalize-space()='Credit Card']]
2023-05-14 19:05:932 INFO  CheckOutPage :329 - Get Shipping method text : [[ChromeDriver: chrome on WINDOWS (7b978cf495301590efbf9fb56c4d789c)] -> xpath: //span[normalize-space()='Next Day Air']]
2023-05-14 19:05:966 INFO  CheckOutPage :341 - Get Total price text : [[ChromeDriver: chrome on WINDOWS (7b978cf495301590efbf9fb56c4d789c)] -> xpath: //span[@class='product-subtotal']]
2023-05-14 19:05:09 INFO  CheckOutPage :353 - Click on confirm button : [[ChromeDriver: chrome on WINDOWS (7b978cf495301590efbf9fb56c4d789c)] -> xpath: //button[normalize-space()='Confirm']]
2023-05-14 19:05:21 INFO  HomePage :59 - Getting text from : [[ChromeDriver: chrome on WINDOWS (7b978cf495301590efbf9fb56c4d789c)] -> xpath: //h1[normalize-space()='Thank you']]
2023-05-14 19:05:40 INFO  HomePage :70 - Getting text from : [[ChromeDriver: chrome on WINDOWS (7b978cf495301590efbf9fb56c4d789c)] -> xpath: //strong[normalize-space()='Your order has been successfully processed!']]
2023-05-14 19:05:387 INFO  HomePage :81 - Click on continue : [[ChromeDriver: chrome on WINDOWS (7b978cf495301590efbf9fb56c4d789c)] -> xpath: //button[normalize-space()='Continue']]
2023-05-14 19:05:414 INFO  HomePage :91 - Get wel come to store text : [[ChromeDriver: chrome on WINDOWS (7b978cf495301590efbf9fb56c4d789c)] -> xpath: //h2[normalize-space()='Welcome to our store']]
2023-05-14 19:05:412 INFO  ElectronicsPage :32 - Select menu : 
2023-05-14 19:05:320 INFO  ElectronicsPage :23 - Get electronics text : [[ChromeDriver: chrome on WINDOWS (06b065d1f89651fe33507c32dce1087b)] -> xpath: //h1[normalize-space()='Electronics']]
